Tue Jan 30 2024 21:22:39 [debug] error: globalErrorHandler ~ 
Invalid `prisma.service.create()` invocation:

{
  data: {
    title: "Tour",
    description: "abc",
    photo: "https://i.ibb.co/7v870qk/event.jpg",
           ~~~~~~~~~~~~~~~~~~~~~~~~~~~~~~~~~~~~
    categoryId: "ff5c82be-133c-4ad5-a7d8-1726c4560e4b"
  }
}

Argument `photo`: Invalid value provided. Expected ServiceCreatephotoInput or String[], provided String.
Tue Jan 30 2024 21:22:44 [debug] error: globalErrorHandler ~ 
Invalid `prisma.service.create()` invocation:

{
  data: {
    title: "Tour",
    description: "abc",
    photo: "https://i.ibb.co/7v870qk/event.jpg",
           ~~~~~~~~~~~~~~~~~~~~~~~~~~~~~~~~~~~~
    categoryId: "ff5c82be-133c-4ad5-a7d8-1726c4560e4b"
  }
}

Argument `photo`: Invalid value provided. Expected ServiceCreatephotoInput or String[], provided String.
Tue Jan 30 2024 21:22:58 [debug] error: globalErrorHandler ~ 
Invalid `prisma.service.create()` invocation:

{
  data: {
    title: "Tour",
    description: "abc",
    photo: "https://i.ibb.co/7v870qk/event.jpg",
           ~~~~~~~~~~~~~~~~~~~~~~~~~~~~~~~~~~~~
    categoryId: "ff5c82be-133c-4ad5-a7d8-1726c4560e4b"
  }
}

Argument `photo`: Invalid value provided. Expected ServiceCreatephotoInput or String[], provided String.
Tue Jan 30 2024 21:23:2 [debug] error: globalErrorHandler ~ You are not authorized!
Tue Jan 30 2024 21:27:40 [debug] error: globalErrorHandler ~ You are not authorized!
Tue Jan 30 2024 21:27:53 [debug] error: globalErrorHandler ~ You are not authorized!
Tue Jan 30 2024 21:28:1 [debug] error: globalErrorHandler ~ You are not authorized!
Tue Jan 30 2024 21:28:17 [debug] error: globalErrorHandler ~ You are not authorized!
Tue Jan 30 2024 21:28:38 [debug] error: globalErrorHandler ~ You are not authorized!
Tue Jan 30 2024 21:28:50 [debug] error: globalErrorHandler ~ You are not authorized!
Tue Jan 30 2024 21:29:4 [debug] error: globalErrorHandler ~ You are not authorized!
Tue Jan 30 2024 21:29:14 [debug] error: globalErrorHandler ~ You are not authorized!
